<?xml version="1.0" encoding="UTF-8"?>
<testsuites name="jest tests" tests="4" failures="0" errors="0" time="0.9">
  <testsuite name="GIDP-2" errors="0" failures="0" skipped="0" timestamp="2024-01-15T12:07:34" time="0.786" tests="4">
    <properties>
      <property name="test_key" value="GIDP-2"/>
    </properties>
    <testcase classname="GIDP-2 adds two numbers" name="GIDP-2 adds two numbers" time="0.003">
    </testcase>
    <testcase classname="GIDP-2 multiplies two numbers" name="GIDP-2 multiplies two numbers" time="0">
    </testcase>
    <testcase classname="GIDP-2 divides two numbers" name="GIDP-2 divides two numbers" time="0">
    </testcase>
    <testcase classname="GIDP-2 squares two numbers" name="GIDP-2 squares two numbers" time="0">
    </testcase>
  </testsuite>
</testsuites>